This file contains any messages produced by compilers while
running configure, to aid debugging if configure makes a mistake.

It was created by uninameslist configure '0'.'3'."20130423", which was
generated by GNU Autoconf 2.68.  Invocation command line was

  $ ./configure 

## --------- ##
## Platform. ##
## --------- ##

hostname = drived
uname -m = i686
uname -r = 2.6.38.8-desktop586-10.mga
uname -s = Linux
uname -v = #1 SMP Wed Jan 25 10:18:54 UTC 2012

/usr/bin/uname -p = unknown
/bin/uname -X     = unknown

/bin/arch              = i686
/usr/bin/arch -k       = unknown
/usr/convex/getsysinfo = unknown
/usr/bin/hostinfo      = unknown
/bin/machine           = unknown
/usr/bin/oslevel       = unknown
/bin/universe          = unknown

PATH: /bin
PATH: /usr/bin
PATH: /usr/local/bin
PATH: /usr/bin/X11
PATH: /usr/games
PATH: /usr/lib/qt4/bin
PATH: /home/boinc/bin


## ----------- ##
## Core tests. ##
## ----------- ##

configure:2145: checking for a BSD-compatible install
configure:2213: result: /usr/bin/install -c
configure:2224: checking whether build environment is sane
configure:2274: result: yes
configure:2415: checking for a thread-safe mkdir -p
configure:2454: result: /bin/mkdir -p
configure:2467: checking for gawk
configure:2483: found /bin/gawk
configure:2494: result: gawk
configure:2505: checking whether make sets $(MAKE)
configure:2527: result: yes
configure:2657: checking for gcc
configure:2673: found /usr/bin/gcc
configure:2684: result: gcc
configure:2913: checking for C compiler version
configure:2922: gcc --version >&5
gcc (GCC) 4.5.2
Copyright (C) 2010 Free Software Foundation, Inc.
This is free software; see the source for copying conditions.  There is NO
warranty; not even for MERCHANTABILITY or FITNESS FOR A PARTICULAR PURPOSE.

configure:2933: $? = 0
configure:2922: gcc -v >&5
Using built-in specs.
COLLECT_GCC=gcc
COLLECT_LTO_WRAPPER=/usr/lib/gcc/i586-mageia-linux-gnu/4.5.2/lto-wrapper
Target: i586-mageia-linux-gnu
Configured with: ../configure --prefix=/usr --libexecdir=/usr/lib --with-slibdir=/lib --with-bugurl=http://bugs.mageia.org/ --mandir=/usr/share/man --infodir=/usr/share/info --enable-checking=release --enable-languages=c,c++,ada,fortran,objc,obj-c++,java --build=i586-mageia-linux-gnu --host=i586-mageia-linux-gnu --with-cpu=generic --with-system-zlib --enable-threads=posix --enable-shared --enable-objc-gc --enable-long-long --enable-__cxa_atexit --disable-libunwind-exceptions --enable-clocale=gnu --enable-java-awt=gtk --with-java-home=/usr/lib/jvm/java-1.5.0-gcj-1.5.0.0/jre --with-ecj-jar=/usr/share/java/eclipse-ecj.jar --enable-gtk-cairo --disable-libjava-multilib --enable-ssp --disable-libssp --disable-werror --with-ppl --with-cloog --with-python-dir=/lib/python2.7/site-packages --enable-lto
Thread model: posix
gcc version 4.5.2 (GCC) 
configure:2933: $? = 0
configure:2922: gcc -V >&5
gcc: '-V' option must have argument
configure:2933: $? = 1
configure:2922: gcc -qversion >&5
gcc: unrecognized option '-qversion'
gcc: no input files
configure:2933: $? = 1
configure:2953: checking whether the C compiler works
configure:2975: gcc    conftest.c  >&5
configure:2979: $? = 0
configure:3027: result: yes
configure:3030: checking for C compiler default output file name
configure:3032: result: a.out
configure:3038: checking for suffix of executables
configure:3045: gcc -o conftest    conftest.c  >&5
configure:3049: $? = 0
configure:3071: result: 
configure:3093: checking whether we are cross compiling
configure:3101: gcc -o conftest    conftest.c  >&5
configure:3105: $? = 0
configure:3112: ./conftest
configure:3116: $? = 0
configure:3131: result: no
configure:3136: checking for suffix of object files
configure:3158: gcc -c   conftest.c >&5
configure:3162: $? = 0
configure:3183: result: o
configure:3187: checking whether we are using the GNU C compiler
configure:3206: gcc -c   conftest.c >&5
configure:3206: $? = 0
configure:3215: result: yes
configure:3224: checking whether gcc accepts -g
configure:3244: gcc -c -g  conftest.c >&5
configure:3244: $? = 0
configure:3285: result: yes
configure:3302: checking for gcc option to accept ISO C89
configure:3366: gcc  -c -g -O2  conftest.c >&5
configure:3366: $? = 0
configure:3379: result: none needed
configure:3410: checking for style of include used by make
configure:3438: result: GNU
configure:3463: checking dependency style of gcc
configure:3573: result: gcc3
configure:3589: checking whether ln -s works
configure:3593: result: yes
configure:3601: checking whether make sets $(MAKE)
configure:3623: result: yes
configure:3632: checking for a sed that does not truncate output
configure:3696: result: /bin/sed
configure:3705: checking for wget
configure:3723: found /usr/bin/wget
configure:3735: result: /usr/bin/wget
configure:3777: checking build system type
configure:3791: result: i686-pc-linux-gnu
configure:3811: checking host system type
configure:3824: result: i686-pc-linux-gnu
configure:3865: checking how to print strings
configure:3892: result: printf
configure:3913: checking for a sed that does not truncate output
configure:3977: result: /bin/sed
configure:3995: checking for grep that handles long lines and -e
configure:4053: result: /bin/grep
configure:4058: checking for egrep
configure:4120: result: /bin/grep -E
configure:4125: checking for fgrep
configure:4187: result: /bin/grep -F
configure:4222: checking for ld used by gcc
configure:4289: result: /usr/bin/ld
configure:4296: checking if the linker (/usr/bin/ld) is GNU ld
configure:4311: result: yes
configure:4323: checking for BSD- or MS-compatible name lister (nm)
configure:4372: result: /usr/bin/nm -B
configure:4502: checking the name lister (/usr/bin/nm -B) interface
configure:4509: gcc -c -g -O2  conftest.c >&5
configure:4512: /usr/bin/nm -B "conftest.o"
configure:4515: output
00000000 B some_variable
configure:4522: result: BSD nm
configure:4526: checking the maximum length of command line arguments
configure:4651: result: 1572864
configure:4668: checking whether the shell understands some XSI constructs
configure:4678: result: yes
configure:4682: checking whether the shell understands "+="
configure:4688: result: yes
configure:4723: checking how to convert i686-pc-linux-gnu file names to i686-pc-linux-gnu format
configure:4763: result: func_convert_file_noop
configure:4770: checking how to convert i686-pc-linux-gnu file names to toolchain format
configure:4790: result: func_convert_file_noop
configure:4797: checking for /usr/bin/ld option to reload object files
configure:4804: result: -r
configure:4878: checking for objdump
configure:4894: found /usr/bin/objdump
configure:4905: result: objdump
configure:4937: checking how to recognize dependent libraries
configure:5139: result: pass_all
configure:5224: checking for dlltool
configure:5254: result: no
configure:5284: checking how to associate runtime and link libraries
configure:5311: result: printf %s\n
configure:5372: checking for ar
configure:5388: found /usr/bin/ar
configure:5399: result: ar
configure:5436: checking for archiver @FILE support
configure:5453: gcc -c -g -O2  conftest.c >&5
configure:5453: $? = 0
configure:5456: ar cru libconftest.a @conftest.lst >&5
configure:5459: $? = 0
configure:5464: ar cru libconftest.a @conftest.lst >&5
ar: conftest.o: No such file or directory
configure:5467: $? = 1
configure:5479: result: @
configure:5537: checking for strip
configure:5553: found /usr/bin/strip
configure:5564: result: strip
configure:5636: checking for ranlib
configure:5652: found /usr/bin/ranlib
configure:5663: result: ranlib
configure:5765: checking command to parse /usr/bin/nm -B output from gcc object
configure:5884: gcc -c -g -O2  conftest.c >&5
configure:5887: $? = 0
configure:5891: /usr/bin/nm -B conftest.o \| sed -n -e 's/^.*[ ]\([ABCDGIRSTW][ABCDGIRSTW]*\)[ ][ ]*\([_A-Za-z][_A-Za-z0-9]*\)$/\1 \2 \2/p' | sed '/ __gnu_lto/d' \> conftest.nm
configure:5894: $? = 0
configure:5960: gcc -o conftest -g -O2   conftest.c conftstm.o >&5
configure:5963: $? = 0
configure:6001: result: ok
configure:6038: checking for sysroot
configure:6068: result: no
configure:6311: checking for mt
configure:6341: result: no
configure:6361: checking if : is a manifest tool
configure:6367: : '-?'
configure:6375: result: no
configure:7007: checking how to run the C preprocessor
configure:7038: gcc -E  conftest.c
configure:7038: $? = 0
configure:7052: gcc -E  conftest.c
conftest.c:11:28: fatal error: ac_nonexistent.h: No such file or directory
compilation terminated.
configure:7052: $? = 1
configure: failed program was:
| /* confdefs.h */
| #define PACKAGE_NAME "uninameslist"
| #define PACKAGE_TARNAME ""libuninameslist""
| #define PACKAGE_VERSION "0.3."20130423""
| #define PACKAGE_STRING "uninameslist 0.3."20130423""
| #define PACKAGE_BUGREPORT "fontforge-devel@lists.sourceforge.net"
| #define PACKAGE_URL "https://github.com/fontforge/libuninameslist"
| #define PACKAGE "libuninameslist"
| #define VERSION "0.3.20130423"
| /* end confdefs.h.  */
| #include <ac_nonexistent.h>
configure:7077: result: gcc -E
configure:7097: gcc -E  conftest.c
configure:7097: $? = 0
configure:7111: gcc -E  conftest.c
conftest.c:11:28: fatal error: ac_nonexistent.h: No such file or directory
compilation terminated.
configure:7111: $? = 1
configure: failed program was:
| /* confdefs.h */
| #define PACKAGE_NAME "uninameslist"
| #define PACKAGE_TARNAME ""libuninameslist""
| #define PACKAGE_VERSION "0.3."20130423""
| #define PACKAGE_STRING "uninameslist 0.3."20130423""
| #define PACKAGE_BUGREPORT "fontforge-devel@lists.sourceforge.net"
| #define PACKAGE_URL "https://github.com/fontforge/libuninameslist"
| #define PACKAGE "libuninameslist"
| #define VERSION "0.3.20130423"
| /* end confdefs.h.  */
| #include <ac_nonexistent.h>
configure:7140: checking for ANSI C header files
configure:7160: gcc -c -g -O2  conftest.c >&5
configure:7160: $? = 0
configure:7233: gcc -o conftest -g -O2   conftest.c  >&5
configure:7233: $? = 0
configure:7233: ./conftest
configure:7233: $? = 0
configure:7244: result: yes
configure:7257: checking for sys/types.h
configure:7257: gcc -c -g -O2  conftest.c >&5
configure:7257: $? = 0
configure:7257: result: yes
configure:7257: checking for sys/stat.h
configure:7257: gcc -c -g -O2  conftest.c >&5
configure:7257: $? = 0
configure:7257: result: yes
configure:7257: checking for stdlib.h
configure:7257: gcc -c -g -O2  conftest.c >&5
configure:7257: $? = 0
configure:7257: result: yes
configure:7257: checking for string.h
configure:7257: gcc -c -g -O2  conftest.c >&5
configure:7257: $? = 0
configure:7257: result: yes
configure:7257: checking for memory.h
configure:7257: gcc -c -g -O2  conftest.c >&5
configure:7257: $? = 0
configure:7257: result: yes
configure:7257: checking for strings.h
configure:7257: gcc -c -g -O2  conftest.c >&5
configure:7257: $? = 0
configure:7257: result: yes
configure:7257: checking for inttypes.h
configure:7257: gcc -c -g -O2  conftest.c >&5
configure:7257: $? = 0
configure:7257: result: yes
configure:7257: checking for stdint.h
configure:7257: gcc -c -g -O2  conftest.c >&5
configure:7257: $? = 0
configure:7257: result: yes
configure:7257: checking for unistd.h
configure:7257: gcc -c -g -O2  conftest.c >&5
configure:7257: $? = 0
configure:7257: result: yes
configure:7271: checking for dlfcn.h
configure:7271: gcc -c -g -O2  conftest.c >&5
configure:7271: $? = 0
configure:7271: result: yes
configure:7458: checking for objdir
configure:7473: result: .libs
configure:7744: checking if gcc supports -fno-rtti -fno-exceptions
configure:7762: gcc -c -g -O2  -fno-rtti -fno-exceptions conftest.c >&5
cc1: warning: command line option "-fno-rtti" is valid for C++/ObjC++ but not for C
configure:7766: $? = 0
configure:7779: result: no
configure:8089: checking for gcc option to produce PIC
configure:8096: result: -fPIC -DPIC
configure:8104: checking if gcc PIC flag -fPIC -DPIC works
configure:8122: gcc -c -g -O2  -fPIC -DPIC -DPIC conftest.c >&5
configure:8126: $? = 0
configure:8139: result: yes
configure:8168: checking if gcc static flag -static works
configure:8196: result: no
configure:8211: checking if gcc supports -c -o file.o
configure:8232: gcc -c -g -O2  -o out/conftest2.o conftest.c >&5
configure:8236: $? = 0
configure:8258: result: yes
configure:8266: checking if gcc supports -c -o file.o
configure:8313: result: yes
configure:8346: checking whether the gcc linker (/usr/bin/ld) supports shared libraries
configure:9505: result: yes
configure:9542: checking whether -lc should be explicitly linked in
configure:9550: gcc -c -g -O2  conftest.c >&5
configure:9553: $? = 0
configure:9568: gcc -shared  -fPIC -DPIC conftest.o  -v -Wl,-soname -Wl,conftest -o conftest 2\>\&1 \| /bin/grep  -lc  \>/dev/null 2\>\&1
configure:9571: $? = 0
configure:9585: result: no
configure:9750: checking dynamic linker characteristics
configure:10264: gcc -o conftest -g -O2   -Wl,-rpath -Wl,/foo conftest.c  >&5
configure:10264: $? = 0
configure:10508: result: GNU/Linux ld.so
configure:10615: checking how to hardcode library paths into programs
configure:10640: result: immediate
configure:11180: checking whether stripping libraries is possible
configure:11185: result: yes
configure:11220: checking if libtool supports shared libraries
configure:11222: result: yes
configure:11225: checking whether to build shared libraries
configure:11246: result: yes
configure:11249: checking whether to build static libraries
configure:11253: result: yes
configure:11811: creating ./config.status

## ---------------------- ##
## Running config.status. ##
## ---------------------- ##

This file was extended by uninameslist config.status '0'.'3'.20130423, which was
generated by GNU Autoconf 2.68.  Invocation command line was

  CONFIG_FILES    = 
  CONFIG_HEADERS  = 
  CONFIG_LINKS    = 
  CONFIG_COMMANDS = 
  $ ./config.status 

on drived

config.status:1021: creating Makefile
config.status:1021: creating libuninameslist.pc
config.status:1193: executing depfiles commands
config.status:1193: executing libtool commands

## ---------------- ##
## Cache variables. ##
## ---------------- ##

ac_cv_build=i686-pc-linux-gnu
ac_cv_c_compiler_gnu=yes
ac_cv_env_CC_set=
ac_cv_env_CC_value=
ac_cv_env_CFLAGS_set=
ac_cv_env_CFLAGS_value=
ac_cv_env_CPPFLAGS_set=
ac_cv_env_CPPFLAGS_value=
ac_cv_env_CPP_set=
ac_cv_env_CPP_value=
ac_cv_env_LDFLAGS_set=
ac_cv_env_LDFLAGS_value=
ac_cv_env_LIBS_set=
ac_cv_env_LIBS_value=
ac_cv_env_build_alias_set=
ac_cv_env_build_alias_value=
ac_cv_env_host_alias_set=
ac_cv_env_host_alias_value=
ac_cv_env_target_alias_set=
ac_cv_env_target_alias_value=
ac_cv_header_dlfcn_h=yes
ac_cv_header_inttypes_h=yes
ac_cv_header_memory_h=yes
ac_cv_header_stdc=yes
ac_cv_header_stdint_h=yes
ac_cv_header_stdlib_h=yes
ac_cv_header_string_h=yes
ac_cv_header_strings_h=yes
ac_cv_header_sys_stat_h=yes
ac_cv_header_sys_types_h=yes
ac_cv_header_unistd_h=yes
ac_cv_host=i686-pc-linux-gnu
ac_cv_objext=o
ac_cv_path_EGREP='/bin/grep -E'
ac_cv_path_FGREP='/bin/grep -F'
ac_cv_path_GREP=/bin/grep
ac_cv_path_SED=/bin/sed
ac_cv_path_WGET=/usr/bin/wget
ac_cv_path_install='/usr/bin/install -c'
ac_cv_path_mkdir=/bin/mkdir
ac_cv_prog_AWK=gawk
ac_cv_prog_CPP='gcc -E'
ac_cv_prog_ac_ct_AR=ar
ac_cv_prog_ac_ct_CC=gcc
ac_cv_prog_ac_ct_OBJDUMP=objdump
ac_cv_prog_ac_ct_RANLIB=ranlib
ac_cv_prog_ac_ct_STRIP=strip
ac_cv_prog_cc_c89=
ac_cv_prog_cc_g=yes
ac_cv_prog_make_make_set=yes
am_cv_CC_dependencies_compiler_type=gcc3
lt_cv_ar_at_file=@
lt_cv_archive_cmds_need_lc=no
lt_cv_deplibs_check_method=pass_all
lt_cv_file_magic_cmd='$MAGIC_CMD'
lt_cv_file_magic_test_file=
lt_cv_ld_reload_flag=-r
lt_cv_nm_interface='BSD nm'
lt_cv_objdir=.libs
lt_cv_path_LD=/usr/bin/ld
lt_cv_path_NM='/usr/bin/nm -B'
lt_cv_path_mainfest_tool=no
lt_cv_prog_compiler_c_o=yes
lt_cv_prog_compiler_pic='-fPIC -DPIC'
lt_cv_prog_compiler_pic_works=yes
lt_cv_prog_compiler_rtti_exceptions=no
lt_cv_prog_compiler_static_works=no
lt_cv_prog_gnu_ld=yes
lt_cv_sharedlib_from_linklib_cmd='printf %s\n'
lt_cv_shlibpath_overrides_runpath=no
lt_cv_sys_global_symbol_pipe='sed -n -e '\''s/^.*[	 ]\([ABCDGIRSTW][ABCDGIRSTW]*\)[	 ][	 ]*\([_A-Za-z][_A-Za-z0-9]*\)$/\1 \2 \2/p'\'' | sed '\''/ __gnu_lto/d'\'''
lt_cv_sys_global_symbol_to_c_name_address='sed -n -e '\''s/^: \([^ ]*\)[ ]*$/  {\"\1\", (void *) 0},/p'\'' -e '\''s/^[ABCDGIRSTW]* \([^ ]*\) \([^ ]*\)$/  {"\2", (void *) \&\2},/p'\'''
lt_cv_sys_global_symbol_to_c_name_address_lib_prefix='sed -n -e '\''s/^: \([^ ]*\)[ ]*$/  {\"\1\", (void *) 0},/p'\'' -e '\''s/^[ABCDGIRSTW]* \([^ ]*\) \(lib[^ ]*\)$/  {"\2", (void *) \&\2},/p'\'' -e '\''s/^[ABCDGIRSTW]* \([^ ]*\) \([^ ]*\)$/  {"lib\2", (void *) \&\2},/p'\'''
lt_cv_sys_global_symbol_to_cdecl='sed -n -e '\''s/^T .* \(.*\)$/extern int \1();/p'\'' -e '\''s/^[ABCDGIRSTW]* .* \(.*\)$/extern char \1;/p'\'''
lt_cv_sys_max_cmd_len=1572864
lt_cv_to_host_file_cmd=func_convert_file_noop
lt_cv_to_tool_file_cmd=func_convert_file_noop

## ----------------- ##
## Output variables. ##
## ----------------- ##

ACLOCAL='${SHELL} /home/boinc/libm/missing --run aclocal-1.11'
AMDEPBACKSLASH='\'
AMDEP_FALSE='#'
AMDEP_TRUE=''
AMTAR='${SHELL} /home/boinc/libm/missing --run tar'
AR='ar'
AS=''
AUTOCONF='${SHELL} /home/boinc/libm/missing --run autoconf'
AUTOHEADER='${SHELL} /home/boinc/libm/missing --run autoheader'
AUTOMAKE='${SHELL} /home/boinc/libm/missing --run automake-1.11'
AWK='gawk'
CC='gcc'
CCDEPMODE='depmode=gcc3'
CFLAGS='-g -O2'
CPP='gcc -E'
CPPFLAGS=''
CYGPATH_W='echo'
DEFS='-DPACKAGE_NAME=\"uninameslist\" -DPACKAGE_TARNAME=\"\"libuninameslist\"\" -DPACKAGE_VERSION=\"0.3.\"20130423\"\" -DPACKAGE_STRING=\"uninameslist\ 0.3.\"20130423\"\" -DPACKAGE_BUGREPORT=\"fontforge-devel@lists.sourceforge.net\" -DPACKAGE_URL=\"https://github.com/fontforge/libuninameslist\" -DPACKAGE=\"libuninameslist\" -DVERSION=\"0.3.20130423\" -DSTDC_HEADERS=1 -DHAVE_SYS_TYPES_H=1 -DHAVE_SYS_STAT_H=1 -DHAVE_STDLIB_H=1 -DHAVE_STRING_H=1 -DHAVE_MEMORY_H=1 -DHAVE_STRINGS_H=1 -DHAVE_INTTYPES_H=1 -DHAVE_STDINT_H=1 -DHAVE_UNISTD_H=1 -DHAVE_DLFCN_H=1 -DLT_OBJDIR=\".libs/\"'
DEPDIR='.deps'
DLLTOOL='false'
DSYMUTIL=''
DUMPBIN=''
ECHO_C=''
ECHO_N='-n'
ECHO_T=''
EGREP='/bin/grep -E'
EXEEXT=''
FGREP='/bin/grep -F'
FR_VERSION='0:3:0'
GREP='/bin/grep'
INSTALL_DATA='${INSTALL} -m 644'
INSTALL_PROGRAM='${INSTALL}'
INSTALL_SCRIPT='${INSTALL}'
INSTALL_STRIP_PROGRAM='$(install_sh) -c -s'
LD='/usr/bin/ld'
LDFLAGS=''
LIBOBJS=''
LIBS=''
LIBTOOL='$(SHELL) $(top_builddir)/libtool'
LIBTOOL_DEPS='./ltmain.sh'
LIPO=''
LN_S='ln -s'
LTLIBOBJS=''
MAKEINFO='${SHELL} /home/boinc/libm/missing --run makeinfo'
MANIFEST_TOOL=':'
MKDIR_P='/bin/mkdir -p'
NM='/usr/bin/nm -B'
NMEDIT=''
OBJDUMP='objdump'
OBJEXT='o'
OTOOL64=''
OTOOL=''
PACKAGE='libuninameslist'
PACKAGE_BUGREPORT='fontforge-devel@lists.sourceforge.net'
PACKAGE_NAME='uninameslist'
PACKAGE_STRING='uninameslist 0.3."20130423"'
PACKAGE_TARNAME='"libuninameslist"'
PACKAGE_URL='https://github.com/fontforge/libuninameslist'
PACKAGE_VERSION='0.3."20130423"'
PATH_SEPARATOR=':'
RANLIB='ranlib'
SED='/bin/sed'
SET_MAKE=''
SHELL='/bin/sh'
STRIP='strip'
UN_VERSION='0:3:0'
VERSION='0.3.20130423'
WANTLIBOFR_FALSE=''
WANTLIBOFR_TRUE='#'
WCFLAGS='-Wmissing-prototypes -Wunused -Wimplicit -Wreturn-type -Wparentheses'
WGET='/usr/bin/wget'
ac_ct_AR='ar'
ac_ct_CC='gcc'
ac_ct_DUMPBIN=''
am__EXEEXT_FALSE=''
am__EXEEXT_TRUE='#'
am__fastdepCC_FALSE='#'
am__fastdepCC_TRUE=''
am__include='include'
am__isrc=''
am__leading_dot='.'
am__quote=''
am__tar='${AMTAR} chof - "$$tardir"'
am__untar='${AMTAR} xf -'
bindir='${exec_prefix}/bin'
build='i686-pc-linux-gnu'
build_alias=''
build_cpu='i686'
build_os='linux-gnu'
build_vendor='pc'
datadir='${datarootdir}'
datarootdir='${prefix}/share'
docdir='${datarootdir}/doc/${PACKAGE_TARNAME}'
dvidir='${docdir}'
exec_prefix='${prefix}'
host='i686-pc-linux-gnu'
host_alias=''
host_cpu='i686'
host_os='linux-gnu'
host_vendor='pc'
htmldir='${docdir}'
includedir='${prefix}/include'
infodir='${datarootdir}/info'
install_sh='${SHELL} /home/boinc/libm/install-sh'
libdir='${exec_prefix}/lib'
libexecdir='${exec_prefix}/libexec'
localedir='${datarootdir}/locale'
localstatedir='${prefix}/var'
mandir='${datarootdir}/man'
mkdir_p='/bin/mkdir -p'
oldincludedir='/usr/include'
pdfdir='${docdir}'
prefix='/usr/local'
program_transform_name='s,x,x,'
psdir='${docdir}'
sbindir='${exec_prefix}/sbin'
sharedstatedir='${prefix}/com'
sysconfdir='${prefix}/etc'
target_alias=''

## ----------- ##
## confdefs.h. ##
## ----------- ##

/* confdefs.h */
#define PACKAGE_NAME "uninameslist"
#define PACKAGE_TARNAME ""libuninameslist""
#define PACKAGE_VERSION "0.3."20130423""
#define PACKAGE_STRING "uninameslist 0.3."20130423""
#define PACKAGE_BUGREPORT "fontforge-devel@lists.sourceforge.net"
#define PACKAGE_URL "https://github.com/fontforge/libuninameslist"
#define PACKAGE "libuninameslist"
#define VERSION "0.3.20130423"
#define STDC_HEADERS 1
#define HAVE_SYS_TYPES_H 1
#define HAVE_SYS_STAT_H 1
#define HAVE_STDLIB_H 1
#define HAVE_STRING_H 1
#define HAVE_MEMORY_H 1
#define HAVE_STRINGS_H 1
#define HAVE_INTTYPES_H 1
#define HAVE_STDINT_H 1
#define HAVE_UNISTD_H 1
#define HAVE_DLFCN_H 1
#define LT_OBJDIR ".libs/"

configure: exit 0
